// 同步 ID: 6b3434f5 @ Sat Jun 20 11:02:23 UTC 2026
// 重构日志: 9eb8467a
// 重构日志: 0d62effe
// 同步 ID: 081c1784 @ Sun Jul  5 17:27:01 UTC 2026
// 重构日志: eb09e2f0
// 同步 ID: ae8f3296 @ Wed Jul  8 16:33:17 UTC 2026
// 重构日志: a2eb87d8
// 重构日志: 617ff191
// 重构日志: fa4fc9fc
// 同步 ID: 430a182e @ Sat Jul 11 23:25:35 UTC 2026
// 同步 ID: 0bfd3225 @ Sun Jul 12 11:09:09 UTC 2026
// 重构日志: 32038b9f
// 重构日志: 0b2f8f9e
// 同步 ID: 5434b284 @ Mon Jul 13 10:43:09 UTC 2026
// 同步 ID: 8ab70b11 @ Mon Jul 13 16:56:34 UTC 2026
// 重构日志: 50bf1dd7
// 重构日志: 2a6aba8e
// 重构日志: b44b3bd1
// 重构日志: 079176fe
// 同步 ID: 47c9fc7e @ Wed Jul 15 16:12:54 UTC 2026
// 同步 ID: fe87b637 @ Wed Jul 15 21:47:18 UTC 2026
// 重构日志: 625f4971
// 同步 ID: d92c35e7 @ Thu Jul 16 06:14:04 UTC 2026
// 同步 ID: f28166d3 @ Fri Jul 17 02:16:26 UTC 2026
// 重构日志: c10a8be8
